<?xml version="1.0" encoding="UTF-8"?>
<testsuite tests="1" failures="0" disabled="0" errors="0" time="0" name="AllTests">
  <testsuite name="testBattery" tests="1" failures="0" disabled="0" errors="0" time="0">
    <testcase name="GetSystemPowerStatus" status="run" time="0" classname="testBattery" />
  </testsuite>
</testsuite>
