<?xml version="1.0" encoding='ISO-8859-1' standalone='yes' ?>
<TestRun>
  <FailedTests></FailedTests>
  <SuccessfulTests>
    <Test id="1">
      <Name>CTestCalculation::TestAdd</Name>
    </Test>
    <Test id="2">
      <Name>CTestCalculation::TestSub</Name>
    </Test>
    <Test id="3">
      <Name>CTestCalculation::TestMul</Name>
    </Test>
    <Test id="4">
      <Name>CTestCalculation::TestDiv</Name>
    </Test>
  </SuccessfulTests>
  <Statistics>
    <Tests>4</Tests>
    <FailuresTotal>0</FailuresTotal>
    <Errors>0</Errors>
    <Failures>0</Failures>
  </Statistics>
</TestRun>
