<?xml version="1.0" encoding="UTF-8"?>
<testsuite tests="1" failures="0" disabled="0" errors="0" time="0" name="AllTests">
  <testsuite name="testWinService" tests="1" failures="0" disabled="0" errors="0" time="0">
    <testcase name="HANDLE" status="run" time="0" classname="testWinService" />
  </testsuite>
</testsuite>
